2025-08-12 23:48:07,338 - betting - INFO - Loaded configuration from config.json
2025-08-12 23:48:07,338 - betting - INFO - Loaded configuration from config.json
2025-08-12 23:48:07,339 - betting - INFO - Set up 1 betting accounts
2025-08-12 23:48:07,339 - betting - INFO - Set up 1 betting accounts
2025-08-12 23:48:07,339 - betting - DEBUG - self.__browser_initialized: False
2025-08-12 23:48:07,339 - betting - DEBUG - self.__browser_initialized: False
2025-08-12 23:48:07,339 - betting - DEBUG - current_proxy: None target_proxy: http://brd-customer-hl_3fa1037b-zone-datacenter_proxy1-country-ng:be0682squyj3@brd.superproxy.io:33335
2025-08-12 23:48:07,339 - betting - DEBUG - current_proxy: None target_proxy: http://brd-customer-hl_3fa1037b-zone-datacenter_proxy1-country-ng:be0682squyj3@brd.superproxy.io:33335
2025-08-12 23:48:07,339 - betting - INFO - Initializing browser...
2025-08-12 23:48:07,339 - betting - INFO - Initializing browser...
2025-08-12 23:48:07,339 - betting - INFO - Using proxy: http://brd-customer-hl_3fa1037b-zone-datacenter_proxy1-country-ng:be0682squyj3@brd.superproxy.io:33335
2025-08-12 23:48:07,339 - betting - INFO - Using proxy: http://brd-customer-hl_3fa1037b-zone-datacenter_proxy1-country-ng:be0682squyj3@brd.superproxy.io:33335
2025-08-12 23:48:07,339 - betting - DEBUG -   └─ From account: 8168309913
2025-08-12 23:48:07,339 - betting - DEBUG -   └─ From account: 8168309913
2025-08-12 23:48:09,724 - betting - INFO - Browser initialized
2025-08-12 23:48:09,724 - betting - INFO - Browser initialized
2025-08-12 23:48:37,601 - betting - INFO - Closing browser after account setup...
2025-08-12 23:48:37,601 - betting - INFO - Closing browser after account setup...
2025-08-12 23:48:37,601 - betting - DEBUG - Closing browser...
2025-08-12 23:48:37,601 - betting - DEBUG - Closing browser...
2025-08-12 23:48:37,758 - betting - DEBUG - Browser closed successfully
2025-08-12 23:48:37,758 - betting - DEBUG - Browser closed successfully
