2025-08-09 08:53:42,849 - odds - INFO - Searching for match: Leganes vs Oviedo
2025-08-09 08:53:42,849 - odds - DEBUG - Trying search term: leganes oviedo
2025-08-09 08:53:42,849 - odds - DEBUG - Searching with URL: https://www.msport.com/api/ng/facts-center/query/frontend/search/event/page/v2 and params: {'keyword': 'leganes oviedo', 'size': 20, 'sportId': 'sr:sport:1'}
2025-08-09 08:53:43,494 - odds - DEBUG - Response status: 200
2025-08-09 08:53:43,494 - odds - DEBUG - Potential match: leganes vs oviedo (Score: 12)
2025-08-09 08:53:43,494 - odds - DEBUG - Trying search term: leganes
2025-08-09 08:53:43,494 - odds - DEBUG - Searching with URL: https://www.msport.com/api/ng/facts-center/query/frontend/search/event/page/v2 and params: {'keyword': 'leganes', 'size': 20, 'sportId': 'sr:sport:1'}
2025-08-09 08:53:44,219 - odds - DEBUG - Response status: 200
2025-08-09 08:53:44,219 - odds - DEBUG - Potential match: leganes vs oviedo (Score: 12)
2025-08-09 08:53:44,219 - odds - DEBUG - Trying search term: oviedo
2025-08-09 08:53:44,219 - odds - DEBUG - Searching with URL: https://www.msport.com/api/ng/facts-center/query/frontend/search/event/page/v2 and params: {'keyword': 'oviedo', 'size': 20, 'sportId': 'sr:sport:1'}
2025-08-09 08:53:44,829 - odds - DEBUG - Response status: 200
2025-08-09 08:53:44,830 - odds - DEBUG - Potential match: leganes vs oviedo (Score: 12)
2025-08-09 08:53:44,830 - odds - DEBUG - Trying search term: Leganes
2025-08-09 08:53:44,830 - odds - DEBUG - Searching with URL: https://www.msport.com/api/ng/facts-center/query/frontend/search/event/page/v2 and params: {'keyword': 'Leganes', 'size': 20, 'sportId': 'sr:sport:1'}
2025-08-09 08:53:45,481 - odds - DEBUG - Response status: 200
2025-08-09 08:53:45,482 - odds - DEBUG - Potential match: leganes vs oviedo (Score: 12)
2025-08-09 08:53:45,482 - odds - DEBUG - Trying search term: Oviedo
2025-08-09 08:53:45,482 - odds - DEBUG - Searching with URL: https://www.msport.com/api/ng/facts-center/query/frontend/search/event/page/v2 and params: {'keyword': 'Oviedo', 'size': 20, 'sportId': 'sr:sport:1'}
2025-08-09 08:53:46,103 - odds - DEBUG - Response status: 200
2025-08-09 08:53:46,104 - odds - DEBUG - Potential match: leganes vs oviedo (Score: 12)
2025-08-09 08:53:46,104 - odds - INFO - Best match: Leganes vs Oviedo (ID: sr:match:62343496, Score: 12)
2025-08-09 08:53:46,105 - odds - INFO - Getting details for event ID: sr:match:62343496
2025-08-09 08:53:46,105 - odds - DEBUG - Getting event details with URL: https://www.msport.com/api/ng/facts-center/query/frontend/match/detail and params: {'eventId': 'sr:match:62343496'}
2025-08-09 08:53:46,656 - odds - DEBUG - Event details response status: 200
2025-08-09 08:53:46,662 - odds - INFO - Looking for markets: moneyline='1x2', total='over/under', spread='asian handicap', dnb='dnb'
2025-08-09 08:54:27,552 - odds - INFO - Searching for match: Leganes vs Oviedo
2025-08-09 08:54:27,552 - odds - DEBUG - Trying search term: leganes oviedo
2025-08-09 08:54:27,552 - odds - DEBUG - Searching with URL: https://www.msport.com/api/ng/facts-center/query/frontend/search/event/page/v2 and params: {'keyword': 'leganes oviedo', 'size': 20, 'sportId': 'sr:sport:1'}
2025-08-09 08:54:28,233 - odds - DEBUG - Response status: 200
2025-08-09 08:54:28,233 - odds - DEBUG - Potential match: leganes vs oviedo (Score: 12)
2025-08-09 08:54:28,233 - odds - DEBUG - Trying search term: leganes
2025-08-09 08:54:28,233 - odds - DEBUG - Searching with URL: https://www.msport.com/api/ng/facts-center/query/frontend/search/event/page/v2 and params: {'keyword': 'leganes', 'size': 20, 'sportId': 'sr:sport:1'}
2025-08-09 08:54:28,896 - odds - DEBUG - Response status: 200
2025-08-09 08:54:28,896 - odds - DEBUG - Potential match: leganes vs oviedo (Score: 12)
2025-08-09 08:54:28,896 - odds - DEBUG - Trying search term: oviedo
2025-08-09 08:54:28,897 - odds - DEBUG - Searching with URL: https://www.msport.com/api/ng/facts-center/query/frontend/search/event/page/v2 and params: {'keyword': 'oviedo', 'size': 20, 'sportId': 'sr:sport:1'}
2025-08-09 08:54:29,554 - odds - DEBUG - Response status: 200
2025-08-09 08:54:29,554 - odds - DEBUG - Potential match: leganes vs oviedo (Score: 12)
2025-08-09 08:54:29,554 - odds - DEBUG - Trying search term: Leganes
2025-08-09 08:54:29,555 - odds - DEBUG - Searching with URL: https://www.msport.com/api/ng/facts-center/query/frontend/search/event/page/v2 and params: {'keyword': 'Leganes', 'size': 20, 'sportId': 'sr:sport:1'}
2025-08-09 08:54:30,181 - odds - DEBUG - Response status: 200
2025-08-09 08:54:30,182 - odds - DEBUG - Potential match: leganes vs oviedo (Score: 12)
2025-08-09 08:54:30,182 - odds - DEBUG - Trying search term: Oviedo
2025-08-09 08:54:30,182 - odds - DEBUG - Searching with URL: https://www.msport.com/api/ng/facts-center/query/frontend/search/event/page/v2 and params: {'keyword': 'Oviedo', 'size': 20, 'sportId': 'sr:sport:1'}
2025-08-09 08:54:30,779 - odds - DEBUG - Response status: 200
2025-08-09 08:54:30,780 - odds - DEBUG - Potential match: leganes vs oviedo (Score: 12)
2025-08-09 08:54:30,780 - odds - INFO - Best match: Leganes vs Oviedo (ID: sr:match:62343496, Score: 12)
2025-08-09 08:54:30,784 - odds - INFO - Getting details for event ID: sr:match:62343496
2025-08-09 08:54:30,784 - odds - DEBUG - Getting event details with URL: https://www.msport.com/api/ng/facts-center/query/frontend/match/detail and params: {'eventId': 'sr:match:62343496'}
2025-08-09 08:54:31,365 - odds - DEBUG - Event details response status: 200
2025-08-09 08:54:31,369 - odds - INFO - Looking for markets: moneyline='1x2', total='over/under', spread='asian handicap', dnb='dnb'
2025-08-09 09:31:28,834 - odds - INFO - Searching for match: Leganes vs Oviedo
2025-08-09 09:31:28,835 - odds - DEBUG - Trying search term: leganes oviedo
2025-08-09 09:31:28,835 - odds - DEBUG - Searching with URL: https://www.msport.com/api/ng/facts-center/query/frontend/search/event/page/v2 and params: {'keyword': 'leganes oviedo', 'size': 20, 'sportId': 'sr:sport:1'}
2025-08-09 09:31:29,588 - odds - DEBUG - Response status: 200
2025-08-09 09:31:29,589 - odds - DEBUG - Potential match: leganes vs oviedo (Score: 12)
2025-08-09 09:31:29,589 - odds - DEBUG - Trying search term: leganes
2025-08-09 09:31:29,589 - odds - DEBUG - Searching with URL: https://www.msport.com/api/ng/facts-center/query/frontend/search/event/page/v2 and params: {'keyword': 'leganes', 'size': 20, 'sportId': 'sr:sport:1'}
2025-08-09 09:31:30,206 - odds - DEBUG - Response status: 200
2025-08-09 09:31:30,206 - odds - DEBUG - Potential match: leganes vs oviedo (Score: 12)
2025-08-09 09:31:30,206 - odds - DEBUG - Trying search term: oviedo
2025-08-09 09:31:30,206 - odds - DEBUG - Searching with URL: https://www.msport.com/api/ng/facts-center/query/frontend/search/event/page/v2 and params: {'keyword': 'oviedo', 'size': 20, 'sportId': 'sr:sport:1'}
2025-08-09 09:31:30,825 - odds - DEBUG - Response status: 200
2025-08-09 09:31:30,825 - odds - DEBUG - Potential match: leganes vs oviedo (Score: 12)
2025-08-09 09:31:30,825 - odds - DEBUG - Trying search term: Leganes
2025-08-09 09:31:30,825 - odds - DEBUG - Searching with URL: https://www.msport.com/api/ng/facts-center/query/frontend/search/event/page/v2 and params: {'keyword': 'Leganes', 'size': 20, 'sportId': 'sr:sport:1'}
2025-08-09 09:31:31,503 - odds - DEBUG - Response status: 200
2025-08-09 09:31:31,504 - odds - DEBUG - Potential match: leganes vs oviedo (Score: 12)
2025-08-09 09:31:31,504 - odds - DEBUG - Trying search term: Oviedo
2025-08-09 09:31:31,504 - odds - DEBUG - Searching with URL: https://www.msport.com/api/ng/facts-center/query/frontend/search/event/page/v2 and params: {'keyword': 'Oviedo', 'size': 20, 'sportId': 'sr:sport:1'}
2025-08-09 09:31:32,153 - odds - DEBUG - Response status: 200
2025-08-09 09:31:32,153 - odds - DEBUG - Potential match: leganes vs oviedo (Score: 12)
2025-08-09 09:31:32,153 - odds - INFO - Best match: Leganes vs Oviedo (ID: sr:match:62343496, Score: 12)
2025-08-09 09:31:32,155 - odds - INFO - Getting details for event ID: sr:match:62343496
2025-08-09 09:31:32,156 - odds - DEBUG - Getting event details with URL: https://www.msport.com/api/ng/facts-center/query/frontend/match/detail and params: {'eventId': 'sr:match:62343496'}
2025-08-09 09:31:32,803 - odds - DEBUG - Event details response status: 200
2025-08-09 09:31:32,807 - odds - INFO - Looking for markets: moneyline='1x2', total='over/under', spread='asian handicap', dnb='dnb'
2025-08-10 08:11:29,272 - odds - INFO - Searching for match: Leganes vs Oviedo
2025-08-10 08:11:29,272 - odds - DEBUG - Trying search term: leganes oviedo
2025-08-10 08:11:29,272 - odds - DEBUG - Searching with URL: https://www.msport.com/api/ng/facts-center/query/frontend/search/event/page/v2 and params: {'keyword': 'leganes oviedo', 'size': 20, 'sportId': 'sr:sport:1'}
2025-08-10 08:11:29,854 - odds - DEBUG - Response status: 200
2025-08-10 08:11:29,855 - odds - DEBUG - Trying search term: leganes
2025-08-10 08:11:29,855 - odds - DEBUG - Searching with URL: https://www.msport.com/api/ng/facts-center/query/frontend/search/event/page/v2 and params: {'keyword': 'leganes', 'size': 20, 'sportId': 'sr:sport:1'}
2025-08-10 08:11:30,399 - odds - DEBUG - Response status: 200
2025-08-10 08:11:30,399 - odds - DEBUG - Trying search term: oviedo
2025-08-10 08:11:30,399 - odds - DEBUG - Searching with URL: https://www.msport.com/api/ng/facts-center/query/frontend/search/event/page/v2 and params: {'keyword': 'oviedo', 'size': 20, 'sportId': 'sr:sport:1'}
2025-08-10 08:11:30,996 - odds - DEBUG - Response status: 200
2025-08-10 08:11:30,997 - odds - DEBUG - Trying search term: Leganes
2025-08-10 08:11:30,997 - odds - DEBUG - Searching with URL: https://www.msport.com/api/ng/facts-center/query/frontend/search/event/page/v2 and params: {'keyword': 'Leganes', 'size': 20, 'sportId': 'sr:sport:1'}
2025-08-10 08:11:31,572 - odds - DEBUG - Response status: 200
2025-08-10 08:11:31,573 - odds - DEBUG - Trying search term: Oviedo
2025-08-10 08:11:31,573 - odds - DEBUG - Searching with URL: https://www.msport.com/api/ng/facts-center/query/frontend/search/event/page/v2 and params: {'keyword': 'Oviedo', 'size': 20, 'sportId': 'sr:sport:1'}
2025-08-10 08:11:32,123 - odds - DEBUG - Response status: 200
2025-08-10 08:11:32,123 - odds - WARNING - No matching event found on MSport
2025-08-10 08:11:43,911 - odds - INFO - Searching for match: Leganes vs Oviedo
2025-08-10 08:11:43,911 - odds - DEBUG - Trying search term: leganes oviedo
2025-08-10 08:11:43,911 - odds - DEBUG - Searching with URL: https://www.msport.com/api/ng/facts-center/query/frontend/search/event/page/v2 and params: {'keyword': 'leganes oviedo', 'size': 20, 'sportId': 'sr:sport:1'}
2025-08-10 08:11:44,458 - odds - DEBUG - Response status: 200
2025-08-10 08:11:44,459 - odds - DEBUG - Trying search term: leganes
2025-08-10 08:11:44,459 - odds - DEBUG - Searching with URL: https://www.msport.com/api/ng/facts-center/query/frontend/search/event/page/v2 and params: {'keyword': 'leganes', 'size': 20, 'sportId': 'sr:sport:1'}
2025-08-10 08:11:45,033 - odds - DEBUG - Response status: 200
2025-08-10 08:11:45,033 - odds - DEBUG - Trying search term: oviedo
2025-08-10 08:11:45,033 - odds - DEBUG - Searching with URL: https://www.msport.com/api/ng/facts-center/query/frontend/search/event/page/v2 and params: {'keyword': 'oviedo', 'size': 20, 'sportId': 'sr:sport:1'}
2025-08-10 08:11:45,555 - odds - DEBUG - Response status: 200
2025-08-10 08:11:45,556 - odds - DEBUG - Trying search term: Leganes
2025-08-10 08:11:45,556 - odds - DEBUG - Searching with URL: https://www.msport.com/api/ng/facts-center/query/frontend/search/event/page/v2 and params: {'keyword': 'Leganes', 'size': 20, 'sportId': 'sr:sport:1'}
2025-08-10 08:11:46,127 - odds - DEBUG - Response status: 200
2025-08-10 08:11:46,127 - odds - DEBUG - Trying search term: Oviedo
2025-08-10 08:11:46,127 - odds - DEBUG - Searching with URL: https://www.msport.com/api/ng/facts-center/query/frontend/search/event/page/v2 and params: {'keyword': 'Oviedo', 'size': 20, 'sportId': 'sr:sport:1'}
2025-08-10 08:11:46,707 - odds - DEBUG - Response status: 200
2025-08-10 08:11:46,707 - odds - WARNING - No matching event found on MSport
2025-08-10 08:13:17,974 - odds - INFO - Searching for match: Villarreal vs Oviedo
2025-08-10 08:13:17,974 - odds - DEBUG - Trying search term: villarreal oviedo
2025-08-10 08:13:17,974 - odds - DEBUG - Searching with URL: https://www.msport.com/api/ng/facts-center/query/frontend/search/event/page/v2 and params: {'keyword': 'villarreal oviedo', 'size': 20, 'sportId': 'sr:sport:1'}
2025-08-10 08:13:18,549 - odds - DEBUG - Response status: 200
2025-08-10 08:13:18,549 - odds - DEBUG - Potential match: villarreal vs oviedo (Score: 12)
2025-08-10 08:13:18,549 - odds - DEBUG - Trying search term: villarreal
2025-08-10 08:13:18,549 - odds - DEBUG - Searching with URL: https://www.msport.com/api/ng/facts-center/query/frontend/search/event/page/v2 and params: {'keyword': 'villarreal', 'size': 20, 'sportId': 'sr:sport:1'}
2025-08-10 08:13:19,191 - odds - DEBUG - Response status: 200
2025-08-10 08:13:19,191 - odds - DEBUG - Potential match: villarreal vs oviedo (Score: 12)
2025-08-10 08:13:19,192 - odds - DEBUG - Trying search term: oviedo
2025-08-10 08:13:19,192 - odds - DEBUG - Searching with URL: https://www.msport.com/api/ng/facts-center/query/frontend/search/event/page/v2 and params: {'keyword': 'oviedo', 'size': 20, 'sportId': 'sr:sport:1'}
2025-08-10 08:13:19,828 - odds - DEBUG - Response status: 200
2025-08-10 08:13:19,828 - odds - DEBUG - Potential match: villarreal vs oviedo (Score: 12)
2025-08-10 08:13:19,829 - odds - DEBUG - Trying search term: Villarreal
2025-08-10 08:13:19,829 - odds - DEBUG - Searching with URL: https://www.msport.com/api/ng/facts-center/query/frontend/search/event/page/v2 and params: {'keyword': 'Villarreal', 'size': 20, 'sportId': 'sr:sport:1'}
2025-08-10 08:13:20,460 - odds - DEBUG - Response status: 200
2025-08-10 08:13:20,460 - odds - DEBUG - Potential match: villarreal vs oviedo (Score: 12)
2025-08-10 08:13:20,460 - odds - DEBUG - Trying search term: Oviedo
2025-08-10 08:13:20,460 - odds - DEBUG - Searching with URL: https://www.msport.com/api/ng/facts-center/query/frontend/search/event/page/v2 and params: {'keyword': 'Oviedo', 'size': 20, 'sportId': 'sr:sport:1'}
2025-08-10 08:13:21,100 - odds - DEBUG - Response status: 200
2025-08-10 08:13:21,101 - odds - DEBUG - Potential match: villarreal vs oviedo (Score: 12)
2025-08-10 08:13:21,101 - odds - INFO - Best match: Villarreal vs Oviedo (ID: sr:match:61623442, Score: 12)
2025-08-10 08:13:21,103 - odds - INFO - Getting details for event ID: sr:match:61623442
2025-08-10 08:13:21,103 - odds - DEBUG - Getting event details with URL: https://www.msport.com/api/ng/facts-center/query/frontend/match/detail and params: {'eventId': 'sr:match:61623442'}
2025-08-10 08:13:21,664 - odds - DEBUG - Event details response status: 200
2025-08-10 08:13:21,672 - odds - INFO - Looking for markets: moneyline='1x2', total='over/under', spread='asian handicap', dnb='dnb'
2025-08-10 08:14:59,592 - odds - INFO - Searching for match: Villarreal vs Oviedo
2025-08-10 08:14:59,592 - odds - DEBUG - Trying search term: villarreal oviedo
2025-08-10 08:14:59,592 - odds - DEBUG - Searching with URL: https://www.msport.com/api/ng/facts-center/query/frontend/search/event/page/v2 and params: {'keyword': 'villarreal oviedo', 'size': 20, 'sportId': 'sr:sport:1'}
2025-08-10 08:15:00,231 - odds - DEBUG - Response status: 200
2025-08-10 08:15:00,232 - odds - DEBUG - Potential match: villarreal vs oviedo (Score: 12)
2025-08-10 08:15:00,232 - odds - DEBUG - Trying search term: villarreal
2025-08-10 08:15:00,232 - odds - DEBUG - Searching with URL: https://www.msport.com/api/ng/facts-center/query/frontend/search/event/page/v2 and params: {'keyword': 'villarreal', 'size': 20, 'sportId': 'sr:sport:1'}
2025-08-10 08:15:00,810 - odds - DEBUG - Response status: 200
2025-08-10 08:15:00,811 - odds - DEBUG - Potential match: villarreal vs oviedo (Score: 12)
2025-08-10 08:15:00,811 - odds - DEBUG - Trying search term: oviedo
2025-08-10 08:15:00,811 - odds - DEBUG - Searching with URL: https://www.msport.com/api/ng/facts-center/query/frontend/search/event/page/v2 and params: {'keyword': 'oviedo', 'size': 20, 'sportId': 'sr:sport:1'}
2025-08-10 08:15:01,482 - odds - DEBUG - Response status: 200
2025-08-10 08:15:01,482 - odds - DEBUG - Potential match: villarreal vs oviedo (Score: 12)
2025-08-10 08:15:01,482 - odds - DEBUG - Trying search term: Villarreal
2025-08-10 08:15:01,482 - odds - DEBUG - Searching with URL: https://www.msport.com/api/ng/facts-center/query/frontend/search/event/page/v2 and params: {'keyword': 'Villarreal', 'size': 20, 'sportId': 'sr:sport:1'}
2025-08-10 08:15:02,062 - odds - DEBUG - Response status: 200
2025-08-10 08:15:02,062 - odds - DEBUG - Potential match: villarreal vs oviedo (Score: 12)
2025-08-10 08:15:02,063 - odds - DEBUG - Trying search term: Oviedo
2025-08-10 08:15:02,063 - odds - DEBUG - Searching with URL: https://www.msport.com/api/ng/facts-center/query/frontend/search/event/page/v2 and params: {'keyword': 'Oviedo', 'size': 20, 'sportId': 'sr:sport:1'}
2025-08-10 08:15:02,729 - odds - DEBUG - Response status: 200
2025-08-10 08:15:02,730 - odds - DEBUG - Potential match: villarreal vs oviedo (Score: 12)
2025-08-10 08:15:02,730 - odds - INFO - Best match: Villarreal vs Oviedo (ID: sr:match:61623442, Score: 12)
2025-08-10 08:15:02,732 - odds - INFO - Getting details for event ID: sr:match:61623442
2025-08-10 08:15:02,732 - odds - DEBUG - Getting event details with URL: https://www.msport.com/api/ng/facts-center/query/frontend/match/detail and params: {'eventId': 'sr:match:61623442'}
2025-08-10 08:15:03,295 - odds - DEBUG - Event details response status: 200
2025-08-10 08:15:03,302 - odds - INFO - Looking for markets: moneyline='1x2', total='over/under', spread='asian handicap', dnb='dnb'
2025-08-10 08:21:06,615 - odds_engine - INFO - Starting odds monitoring with interval of 60 seconds
2025-08-10 08:21:06,615 - odds_engine - INFO - Started odds monitoring thread with interval of 60 seconds
2025-08-10 08:21:06,616 - odds_engine - DEBUG - Getting odds at 2025-08-10 08:21:06
2025-08-10 08:21:06,616 - odds_engine - DEBUG - Looking back 1754810346616 milliseconds
2025-08-10 08:21:07,355 - odds_engine - DEBUG - Retrieved 6 alerts
2025-08-10 08:21:07,355 - odds_engine - DEBUG - Processing alert with timestamp: 2025-08-10 07:19:08
2025-08-10 08:21:07,355 - odds_engine - DEBUG - alert ________________________
2025-08-10 08:21:07,355 - odds_engine - DEBUG - {'id': '1754810348996-0', 'sportId': '1', 'minDropPercent': '10', 'timeIntervalMs': '210000', 'maxTimeToMatchStartMs': '10800000', 'lowerBoundOdds': '1', 'upperBoundOdds': '1.5', 'nickname': 'Low ODDS', 'includeMoneyline': '1', 'includeSpreads': '1', 'includeTotals': '1', 'percentageChange': '13.162705667276049', 'changeFrom': '1.641', 'changeTo': '1.425', 'eventId': '1612596135', 'periodNumber': '0', 'lineType': 'spread', 'points': '-0.25', 'outcome': 'home', 'timestamp': '1754810348915', 'leagueName': 'Czech Republic - 3. Liga CFL', 'home': 'Slovan Liberec II', 'away': 'Benatky Nad Jizerou', 'noVigPrice': '', 'starts': '1754813700000', 'type': 'oddsDrop', 'alertingCriteriaId': 'alertingCriteria:odvqltn9hbxsut6qmvpoa78b', 'userId': 'user_2VqFOsEjFG0YgEAhZDvFe4QE6yf', 'lowerBoundLimit': '100', 'upperBoundLimit': '1000000', 'includeOrExcludeCompetitions': 'include', 'enabled': '1', 'changeDirection': 'increase', 'includePeriod0': '1', 'includePeriod1': '1', 'priceHome': '1.425', 'priceAway': '2.68'}
2025-08-10 08:21:07,356 - odds_engine - DEBUG - Sending alert to bet engine: Slovan Liberec II vs Benatky Nad Jizerou - spread
2025-08-10 08:21:07,356 - odds - INFO - Searching for match: Slovan Liberec II vs Benatky Nad Jizerou
2025-08-10 08:21:07,356 - odds - DEBUG - Pinnacle start time: 2025-08-10 08:15:00 (GMT)
2025-08-10 08:21:07,357 - odds - DEBUG - Trying search term: slovan liberec ii benatky nad jizerou
2025-08-10 08:21:07,357 - odds - DEBUG - Searching with URL: https://www.msport.com/api/ng/facts-center/query/frontend/search/event/page/v2 and params: {'keyword': 'slovan liberec ii benatky nad jizerou', 'size': 20, 'sportId': 'sr:sport:1'}
2025-08-10 08:21:08,053 - odds - DEBUG - Response status: 200
2025-08-10 08:21:08,054 - odds - DEBUG - Potential match: fc slovan liberec b vs sk benatky nad jizerou (Score: 15)
2025-08-10 08:21:08,055 - odds - DEBUG - Time difference: 6.75 hours, not the right game
2025-08-10 08:21:08,055 - odds - DEBUG - Potential match: mfk slovan sabinov vs mfk vranov nad toplou (Score: 2)
2025-08-10 08:21:08,055 - odds - DEBUG - Trying search term: slovan liberec ii
2025-08-10 08:21:08,055 - odds - DEBUG - Searching with URL: https://www.msport.com/api/ng/facts-center/query/frontend/search/event/page/v2 and params: {'keyword': 'slovan liberec ii', 'size': 20, 'sportId': 'sr:sport:1'}
2025-08-10 08:21:08,694 - odds - DEBUG - Response status: 200
2025-08-10 08:21:08,696 - odds - DEBUG - Potential match: fc slovan liberec b vs sk benatky nad jizerou (Score: 15)
2025-08-10 08:21:08,696 - odds - DEBUG - Time difference: 6.75 hours, not the right game
2025-08-10 08:21:08,697 - odds - DEBUG - Potential match: mfk slovan sabinov vs mfk vranov nad toplou (Score: 2)
2025-08-10 08:21:08,697 - odds - DEBUG - Trying search term: benatky nad jizerou
2025-08-10 08:21:08,697 - odds - DEBUG - Searching with URL: https://www.msport.com/api/ng/facts-center/query/frontend/search/event/page/v2 and params: {'keyword': 'benatky nad jizerou', 'size': 20, 'sportId': 'sr:sport:1'}
2025-08-10 08:21:09,310 - odds - DEBUG - Response status: 200
2025-08-10 08:21:09,311 - odds - DEBUG - Potential match: fc slovan liberec b vs sk benatky nad jizerou (Score: 15)
2025-08-10 08:21:09,311 - odds - DEBUG - Time difference: 6.75 hours, not the right game
2025-08-10 08:21:09,311 - odds - DEBUG - Potential match: mfk slovan sabinov vs mfk vranov nad toplou (Score: 2)
2025-08-10 08:21:09,311 - odds - DEBUG - Trying search term: Slovan
2025-08-10 08:21:09,311 - odds - DEBUG - Searching with URL: https://www.msport.com/api/ng/facts-center/query/frontend/search/event/page/v2 and params: {'keyword': 'Slovan', 'size': 20, 'sportId': 'sr:sport:1'}
2025-08-10 08:21:09,894 - odds - DEBUG - Response status: 200
2025-08-10 08:21:09,895 - odds - DEBUG - Time difference: 6.75 hours, not the right game
2025-08-10 08:21:09,895 - odds - DEBUG - Potential match: mfk slovan sabinov vs mfk vranov nad toplou (Score: 2)
2025-08-10 08:21:09,895 - odds - DEBUG - Potential match: fc slovan liberec b vs sk benatky nad jizerou (Score: 15)
2025-08-10 08:21:09,895 - odds - DEBUG - Trying search term: Liberec
2025-08-10 08:21:09,896 - odds - DEBUG - Searching with URL: https://www.msport.com/api/ng/facts-center/query/frontend/search/event/page/v2 and params: {'keyword': 'Liberec', 'size': 20, 'sportId': 'sr:sport:1'}
2025-08-10 08:21:10,456 - odds - DEBUG - Response status: 200
2025-08-10 08:21:10,457 - odds - DEBUG - Potential match: fc slovan liberec b vs sk benatky nad jizerou (Score: 15)
2025-08-10 08:21:10,457 - odds - DEBUG - Trying search term: Benatky
2025-08-10 08:21:10,457 - odds - DEBUG - Searching with URL: https://www.msport.com/api/ng/facts-center/query/frontend/search/event/page/v2 and params: {'keyword': 'Benatky', 'size': 20, 'sportId': 'sr:sport:1'}
2025-08-10 08:21:11,131 - odds - DEBUG - Response status: 200
2025-08-10 08:21:11,132 - odds - DEBUG - Potential match: fc slovan liberec b vs sk benatky nad jizerou (Score: 15)
2025-08-10 08:21:11,132 - odds - DEBUG - Trying search term: Jizerou
2025-08-10 08:21:11,132 - odds - DEBUG - Searching with URL: https://www.msport.com/api/ng/facts-center/query/frontend/search/event/page/v2 and params: {'keyword': 'Jizerou', 'size': 20, 'sportId': 'sr:sport:1'}
2025-08-10 08:21:11,770 - odds - DEBUG - Response status: 200
2025-08-10 08:21:11,771 - odds - DEBUG - Potential match: fc slovan liberec b vs sk benatky nad jizerou (Score: 15)
2025-08-10 08:21:11,771 - odds - INFO - Best match: FC Slovan Liberec B vs SK Benatky Nad Jizerou (ID: sr:match:61690636, Score: 15)
2025-08-10 08:21:11,774 - odds - INFO - Getting details for event ID: sr:match:61690636
2025-08-10 08:21:11,774 - odds - DEBUG - Getting event details with URL: https://www.msport.com/api/ng/facts-center/query/frontend/match/detail and params: {'eventId': 'sr:match:61690636'}
2025-08-10 08:21:12,403 - odds - DEBUG - Event details response status: 200
2025-08-10 08:21:12,406 - odds - INFO - Looking for markets: moneyline='1x2', total='over/under', spread='asian handicap', dnb='dnb'
2025-08-10 08:21:12,408 - odds_engine - DEBUG - Added alert ID 1754810348996-0 to processed_alerts_ids
2025-08-10 08:21:12,408 - odds_engine - DEBUG - Bet was not successfully processed, still adding to processed collections
2025-08-10 08:21:12,408 - odds_engine - DEBUG - Processing alert with timestamp: 2025-08-10 07:19:27
2025-08-10 08:21:12,408 - odds_engine - DEBUG - Skipping already processed event + line type: 1612596135_spread
2025-08-10 08:21:12,408 - odds_engine - DEBUG - Processing alert with timestamp: 2025-08-10 07:19:32
2025-08-10 08:21:12,408 - odds_engine - DEBUG - Skipping already processed event + line type: 1612596135_spread
2025-08-10 08:21:12,409 - odds_engine - DEBUG - Processing alert with timestamp: 2025-08-10 07:19:38
2025-08-10 08:21:12,409 - odds_engine - DEBUG - Skipping already processed event + line type: 1612596135_spread
2025-08-10 08:21:12,409 - odds_engine - DEBUG - Processing alert with timestamp: 2025-08-10 07:19:51
2025-08-10 08:21:12,409 - odds_engine - DEBUG - Skipping already processed event + line type: 1612596135_spread
2025-08-10 08:21:12,409 - odds_engine - DEBUG - Processing alert with timestamp: 2025-08-10 07:20:08
2025-08-10 08:21:12,409 - odds_engine - DEBUG - Skipping already processed event + line type: 1612596135_spread
2025-08-10 08:22:12,419 - odds_engine - DEBUG - Getting odds at 2025-08-10 08:22:12
2025-08-10 08:22:12,420 - odds_engine - DEBUG - Looking back 1754810412420 milliseconds
2025-08-10 08:22:13,061 - odds_engine - DEBUG - No new alerts
2025-08-10 08:23:13,072 - odds_engine - DEBUG - Getting odds at 2025-08-10 08:23:13
2025-08-10 08:23:13,075 - odds_engine - DEBUG - Looking back 1754810473075 milliseconds
2025-08-10 08:23:15,366 - odds_engine - DEBUG - No new alerts
2025-08-10 08:24:15,374 - odds_engine - DEBUG - Getting odds at 2025-08-10 08:24:15
2025-08-10 08:24:15,377 - odds_engine - DEBUG - Looking back 1754810535377 milliseconds
2025-08-10 08:24:16,016 - odds_engine - DEBUG - No new alerts
2025-08-10 08:25:16,023 - odds_engine - DEBUG - Getting odds at 2025-08-10 08:25:16
2025-08-10 08:25:16,025 - odds_engine - DEBUG - Looking back 1754810596025 milliseconds
2025-08-10 08:25:16,788 - odds_engine - DEBUG - No new alerts
2025-08-10 08:26:16,794 - odds_engine - DEBUG - Getting odds at 2025-08-10 08:26:16
2025-08-10 08:26:16,798 - odds_engine - DEBUG - Looking back 1754810656798 milliseconds
2025-08-10 08:26:17,437 - odds_engine - DEBUG - No new alerts
2025-08-10 08:27:17,447 - odds_engine - DEBUG - Getting odds at 2025-08-10 08:27:17
2025-08-10 08:27:17,451 - odds_engine - DEBUG - Looking back 1754810717451 milliseconds
2025-08-10 08:27:18,211 - odds_engine - DEBUG - No new alerts
2025-08-10 08:28:18,218 - odds_engine - DEBUG - Getting odds at 2025-08-10 08:28:18
2025-08-10 08:28:18,220 - odds_engine - DEBUG - Looking back 1754810778220 milliseconds
2025-08-10 08:28:18,894 - odds_engine - DEBUG - No new alerts
2025-08-10 08:29:18,901 - odds_engine - DEBUG - Getting odds at 2025-08-10 08:29:18
2025-08-10 08:29:18,905 - odds_engine - DEBUG - Looking back 1754810838905 milliseconds
2025-08-10 08:29:19,682 - odds_engine - DEBUG - No new alerts
2025-08-10 08:30:19,691 - odds_engine - DEBUG - Getting odds at 2025-08-10 08:30:19
2025-08-10 08:30:19,692 - odds_engine - DEBUG - Looking back 1754810899692 milliseconds
2025-08-10 08:30:20,824 - odds_engine - DEBUG - No new alerts
2025-08-10 08:31:20,834 - odds_engine - DEBUG - Getting odds at 2025-08-10 08:31:20
2025-08-10 08:31:20,837 - odds_engine - DEBUG - Looking back 1754810960837 milliseconds
2025-08-10 08:31:21,684 - odds_engine - DEBUG - Retrieved 1 alerts
2025-08-10 08:31:21,685 - odds_engine - DEBUG - Processing alert with timestamp: 2025-08-10 07:30:29
2025-08-10 08:31:21,685 - odds_engine - DEBUG - Alert is only 52.4 seconds old. Waiting 7.6 seconds before processing.
2025-08-10 08:31:29,291 - odds_engine - DEBUG - Resuming alert processing after wait period.
2025-08-10 08:31:29,292 - odds_engine - DEBUG - alert ________________________
2025-08-10 08:31:29,292 - odds_engine - DEBUG - {'id': '1754811029332-0', 'sportId': '1', 'minDropPercent': '10', 'timeIntervalMs': '210000', 'maxTimeToMatchStartMs': '10800000', 'lowerBoundOdds': '1', 'upperBoundOdds': '1.5', 'nickname': 'Low ODDS', 'includeMoneyline': '1', 'includeSpreads': '1', 'includeTotals': '1', 'percentageChange': '11.30867709815077', 'changeFrom': '1.406', 'changeTo': '1.247', 'eventId': '1612514592', 'periodNumber': '0', 'lineType': 'spread', 'points': '-1', 'outcome': 'away', 'timestamp': '1754811029290', 'leagueName': 'Slovakia - 3. Liga', 'home': 'Raca Bratislava', 'away': 'Malacky', 'noVigPrice': '', 'starts': '1754814600000', 'type': 'oddsDrop', 'alertingCriteriaId': 'alertingCriteria:odvqltn9hbxsut6qmvpoa78b', 'userId': 'user_2VqFOsEjFG0YgEAhZDvFe4QE6yf', 'lowerBoundLimit': '100', 'upperBoundLimit': '1000000', 'includeOrExcludeCompetitions': 'include', 'enabled': '1', 'changeDirection': 'increase', 'includePeriod0': '1', 'includePeriod1': '1', 'priceHome': '2.83', 'priceAway': '1.247'}
2025-08-10 08:31:29,292 - odds_engine - DEBUG - Sending alert to bet engine: Raca Bratislava vs Malacky - spread
2025-08-10 08:31:29,293 - odds - INFO - Searching for match: Raca Bratislava vs Malacky
2025-08-10 08:31:29,293 - odds - DEBUG - Pinnacle start time: 2025-08-10 08:30:00 (GMT)
2025-08-10 08:31:29,294 - odds - DEBUG - Trying search term: raca bratislava malacky
2025-08-10 08:31:29,294 - odds - DEBUG - Searching with URL: https://www.msport.com/api/ng/facts-center/query/frontend/search/event/page/v2 and params: {'keyword': 'raca bratislava malacky', 'size': 20, 'sportId': 'sr:sport:1'}
2025-08-10 08:31:29,990 - odds - DEBUG - Response status: 200
2025-08-10 08:31:29,990 - odds - DEBUG - Potential match: raca bratislava vs fc zolik malacky (Score: 23)
2025-08-10 08:31:29,990 - odds - DEBUG - Trying search term: raca bratislava
2025-08-10 08:31:29,990 - odds - DEBUG - Searching with URL: https://www.msport.com/api/ng/facts-center/query/frontend/search/event/page/v2 and params: {'keyword': 'raca bratislava', 'size': 20, 'sportId': 'sr:sport:1'}
2025-08-10 08:31:30,613 - odds - DEBUG - Response status: 200
2025-08-10 08:31:30,614 - odds - DEBUG - Potential match: raca bratislava vs fc zolik malacky (Score: 23)
2025-08-10 08:31:30,614 - odds - DEBUG - Trying search term: malacky
2025-08-10 08:31:30,615 - odds - DEBUG - Searching with URL: https://www.msport.com/api/ng/facts-center/query/frontend/search/event/page/v2 and params: {'keyword': 'malacky', 'size': 20, 'sportId': 'sr:sport:1'}
2025-08-10 08:31:31,220 - odds - DEBUG - Response status: 200
2025-08-10 08:31:31,220 - odds - DEBUG - Potential match: raca bratislava vs fc zolik malacky (Score: 23)
2025-08-10 08:31:31,221 - odds - DEBUG - Trying search term: Raca
2025-08-10 08:31:31,221 - odds - DEBUG - Searching with URL: https://www.msport.com/api/ng/facts-center/query/frontend/search/event/page/v2 and params: {'keyword': 'Raca', 'size': 20, 'sportId': 'sr:sport:1'}
2025-08-10 08:31:31,737 - odds - DEBUG - Response status: 200
2025-08-10 08:31:31,737 - odds - DEBUG - Potential match: raca bratislava vs fc zolik malacky (Score: 23)
2025-08-10 08:31:31,737 - odds - DEBUG - Trying search term: Bratislava
2025-08-10 08:31:31,737 - odds - DEBUG - Searching with URL: https://www.msport.com/api/ng/facts-center/query/frontend/search/event/page/v2 and params: {'keyword': 'Bratislava', 'size': 20, 'sportId': 'sr:sport:1'}
2025-08-10 08:31:32,333 - odds - DEBUG - Response status: 200
2025-08-10 08:31:32,333 - odds - DEBUG - Potential match: raca bratislava vs fc zolik malacky (Score: 23)
2025-08-10 08:31:32,333 - odds - DEBUG - Trying search term: Malacky
2025-08-10 08:31:32,333 - odds - DEBUG - Searching with URL: https://www.msport.com/api/ng/facts-center/query/frontend/search/event/page/v2 and params: {'keyword': 'Malacky', 'size': 20, 'sportId': 'sr:sport:1'}
2025-08-10 08:31:32,920 - odds - DEBUG - Response status: 200
2025-08-10 08:31:32,921 - odds - DEBUG - Potential match: raca bratislava vs fc zolik malacky (Score: 23)
2025-08-10 08:31:32,921 - odds - INFO - Best match: Raca Bratislava vs FC Zolik Malacky (ID: sr:match:61939872, Score: 23)
2025-08-10 08:31:32,925 - odds - INFO - Getting details for event ID: sr:match:61939872
2025-08-10 08:31:32,925 - odds - DEBUG - Getting event details with URL: https://www.msport.com/api/ng/facts-center/query/frontend/match/detail and params: {'eventId': 'sr:match:61939872'}
2025-08-10 08:31:33,484 - odds - DEBUG - Event details response status: 200
2025-08-10 08:31:33,490 - odds - INFO - Looking for markets: moneyline='1x2', total='over/under', spread='asian handicap', dnb='dnb'
2025-08-10 08:31:33,491 - odds_engine - DEBUG - Added alert ID 1754811029332-0 to processed_alerts_ids
2025-08-10 08:31:33,491 - odds_engine - DEBUG - Bet was not successfully processed, still adding to processed collections
2025-08-10 08:32:33,502 - odds_engine - DEBUG - Getting odds at 2025-08-10 08:32:33
2025-08-10 08:32:33,504 - odds_engine - DEBUG - Looking back 1754811033504 milliseconds
